  cl : Command line warning D9035 : option 'Gm' has been deprecated and will be removed in a future release
  GameStatebase.cpp
  GSMenu.cpp
C:\Users\Asus\Desktop\GameLoft\Programming_lesson_06\TrainingFramework\src\GameStates\GSMenu.cpp(26,60): warning C4244:  'argument': conversion from 'int' to 'GLfloat', possible loss of data
C:\Users\Asus\Desktop\GameLoft\Programming_lesson_06\TrainingFramework\src\GameStates\GSMenu.cpp(26,42): warning C4244:  'argument': conversion from 'int' to 'GLfloat', possible loss of data
C:\Users\Asus\Desktop\GameLoft\Programming_lesson_06\TrainingFramework\src\GameStates\GSMenu.cpp(32,36): warning C4244:  'argument': conversion from 'int' to 'GLfloat', possible loss of data
C:\Users\Asus\Desktop\GameLoft\Programming_lesson_06\TrainingFramework\src\GameStates\GSMenu.cpp(42,54): warning C4244:  'argument': conversion from 'int' to 'GLfloat', possible loss of data
C:\Users\Asus\Desktop\GameLoft\Programming_lesson_06\TrainingFramework\src\GameStates\GSMenu.cpp(42,36): warning C4244:  'argument': conversion from 'int' to 'GLfloat', possible loss of data
C:\Users\Asus\Desktop\GameLoft\Programming_lesson_06\TrainingFramework\src\GameStates\GSMenu.cpp(52,58): warning C4244:  'argument': conversion from 'int' to 'GLfloat', possible loss of data
C:\Users\Asus\Desktop\GameLoft\Programming_lesson_06\TrainingFramework\src\GameStates\GSMenu.cpp(52,40): warning C4244:  'argument': conversion from 'int' to 'GLfloat', possible loss of data
C:\Users\Asus\Desktop\GameLoft\Programming_lesson_06\TrainingFramework\src\GameStates\GSMenu.cpp(62,58): warning C4244:  'argument': conversion from 'int' to 'GLfloat', possible loss of data
  Generating Code...
  Compiling...
  GameStateMachine.cpp
  GSPlay.cpp
C:\Users\Asus\Desktop\GameLoft\Programming_lesson_06\TrainingFramework\src\GameStates\GSMenu.cpp(62,40): warning C4244:  'argument': conversion from 'int' to 'GLfloat', possible loss of data
C:\Users\Asus\Desktop\GameLoft\Programming_lesson_06\TrainingFramework\src\GameStates\GSPlay.cpp(35,60): warning C4244:  'argument': conversion from 'int' to 'GLfloat', possible loss of data
C:\Users\Asus\Desktop\GameLoft\Programming_lesson_06\TrainingFramework\src\GameStates\GSPlay.cpp(35,42): warning C4244:  'argument': conversion from 'int' to 'GLfloat', possible loss of data
C:\Users\Asus\Desktop\GameLoft\Programming_lesson_06\TrainingFramework\src\GameStates\GSPlay.cpp(41,36): warning C4244:  'argument': conversion from 'int' to 'GLfloat', possible loss of data
C:\Program Files (x86)\Microsoft Visual Studio\2019\Community\VC\Tools\MSVC\14.21.27702\include\memory(1527,71): warning C4244:  'argument': conversion from '_Ty' to 'float', possible loss of data
C:\Program Files (x86)\Microsoft Visual Studio\2019\Community\VC\Tools\MSVC\14.21.27702\include\memory(1527,71): warning C4244:         with
C:\Program Files (x86)\Microsoft Visual Studio\2019\Community\VC\Tools\MSVC\14.21.27702\include\memory(1527,71): warning C4244:         [
C:\Program Files (x86)\Microsoft Visual Studio\2019\Community\VC\Tools\MSVC\14.21.27702\include\memory(1527,71): warning C4244:             _Ty=double
C:\Program Files (x86)\Microsoft Visual Studio\2019\Community\VC\Tools\MSVC\14.21.27702\include\memory(1527,71): warning C4244:         ]
C:\Program Files (x86)\Microsoft Visual Studio\2019\Community\VC\Tools\MSVC\14.21.27702\include\memory(1582): message :  see reference to function template instantiation 'std::_Ref_count_obj<_Ty>::_Ref_count_obj<std::shared_ptr<Shaders>&,std::shared_ptr<Font>&,const char(&)[10],TEXT_COLOR,double>(std::shared_ptr<Shaders> &,std::shared_ptr<Font> &,const char (&)[10],TEXT_COLOR &&,double &&)' being compiled
C:\Program Files (x86)\Microsoft Visual Studio\2019\Community\VC\Tools\MSVC\14.21.27702\include\memory(1582): message :         with
C:\Program Files (x86)\Microsoft Visual Studio\2019\Community\VC\Tools\MSVC\14.21.27702\include\memory(1582): message :         [
C:\Program Files (x86)\Microsoft Visual Studio\2019\Community\VC\Tools\MSVC\14.21.27702\include\memory(1582): message :             _Ty=Text
C:\Program Files (x86)\Microsoft Visual Studio\2019\Community\VC\Tools\MSVC\14.21.27702\include\memory(1582): message :         ]
C:\Program Files (x86)\Microsoft Visual Studio\2019\Community\VC\Tools\MSVC\14.21.27702\include\memory(1582): message :  see reference to function template instantiation 'std::_Ref_count_obj<_Ty>::_Ref_count_obj<std::shared_ptr<Shaders>&,std::shared_ptr<Font>&,const char(&)[10],TEXT_COLOR,double>(std::shared_ptr<Shaders> &,std::shared_ptr<Font> &,const char (&)[10],TEXT_COLOR &&,double &&)' being compiled
C:\Program Files (x86)\Microsoft Visual Studio\2019\Community\VC\Tools\MSVC\14.21.27702\include\memory(1582): message :         with
C:\Program Files (x86)\Microsoft Visual Studio\2019\Community\VC\Tools\MSVC\14.21.27702\include\memory(1582): message :         [
C:\Program Files (x86)\Microsoft Visual Studio\2019\Community\VC\Tools\MSVC\14.21.27702\include\memory(1582): message :             _Ty=Text
C:\Program Files (x86)\Microsoft Visual Studio\2019\Community\VC\Tools\MSVC\14.21.27702\include\memory(1582): message :         ]
  GSIntro.cpp
C:\Users\Asus\Desktop\GameLoft\Programming_lesson_06\TrainingFramework\src\GameStates\GSPlay.cpp(52): message :  see reference to function template instantiation 'std::shared_ptr<Text> std::make_shared<Text,std::shared_ptr<Shaders>&,std::shared_ptr<Font>&,const char(&)[10],TEXT_COLOR,double>(std::shared_ptr<Shaders> &,std::shared_ptr<Font> &,const char (&)[10],TEXT_COLOR &&,double &&)' being compiled
C:\Users\Asus\Desktop\GameLoft\Programming_lesson_06\TrainingFramework\src\GameStates\GSIntro.cpp(26,54): warning C4244:  'argument': conversion from 'int' to 'GLfloat', possible loss of data
  Application.cpp
  GSOption.cpp
C:\Users\Asus\Desktop\GameLoft\Programming_lesson_06\TrainingFramework\src\GameStates\GSIntro.cpp(26,36): warning C4244:  'argument': conversion from 'int' to 'GLfloat', possible loss of data
C:\Users\Asus\Desktop\GameLoft\Programming_lesson_06\TrainingFramework\GSOption.cpp(34,60): warning C4244:  'argument': conversion from 'int' to 'GLfloat', possible loss of data
C:\Users\Asus\Desktop\GameLoft\Programming_lesson_06\TrainingFramework\GSOption.cpp(34,42): warning C4244:  'argument': conversion from 'int' to 'GLfloat', possible loss of data
  GSCredit.cpp
C:\Users\Asus\Desktop\GameLoft\Programming_lesson_06\TrainingFramework\GSOption.cpp(40,36): warning C4244:  'argument': conversion from 'int' to 'GLfloat', possible loss of data
C:\Users\Asus\Desktop\GameLoft\Programming_lesson_06\TrainingFramework\GSCredit.cpp(34,60): warning C4244:  'argument': conversion from 'int' to 'GLfloat', possible loss of data
C:\Users\Asus\Desktop\GameLoft\Programming_lesson_06\TrainingFramework\GSCredit.cpp(34,42): warning C4244:  'argument': conversion from 'int' to 'GLfloat', possible loss of data
  Generating Code...
C:\Users\Asus\Desktop\GameLoft\Programming_lesson_06\TrainingFramework\GSCredit.cpp(40,36): warning C4244:  'argument': conversion from 'int' to 'GLfloat', possible loss of data
  TrainingFramework.vcxproj -> C:\Users\Asus\Desktop\GameLoft\Programming_lesson_06\\BIN-Angle\TrainingFramework.exe
