  cl : Command line warning D9035 : option 'Gm' has been deprecated and will be removed in a future release
  GSPlay.cpp
C:\Users\Asus\Desktop\lesson8\Programming\TrainingFramework\src\Helper\ThreadPool.h(37,13): warning C4477:  'printf' : format string '%d' requires an argument of type 'int', but variadic argument 1 has type 'std::thread::id'
C:\Users\Asus\Desktop\lesson8\Programming\Soloud\include\soloud.h(37,1): warning C4005:  'WIN32_LEAN_AND_MEAN': macro redefinition
C:\Users\Asus\Desktop\lesson8\Programming\Include\AMD\EGL\eglplatform.h(67): message :  see previous definition of 'WIN32_LEAN_AND_MEAN'
C:\Users\Asus\Desktop\lesson8\Programming\TrainingFramework\src\GameStates\GSPlay.cpp(41,86): warning C4244:  'argument': conversion from 'int' to 'GLfloat', possible loss of data
C:\Users\Asus\Desktop\lesson8\Programming\TrainingFramework\src\GameStates\GSPlay.cpp(41,55): warning C4244:  'argument': conversion from 'int' to 'GLfloat', possible loss of data
C:\Users\Asus\Desktop\lesson8\Programming\TrainingFramework\src\GameStates\GSPlay.cpp(92,80): warning C4244:  'argument': conversion from 'int' to 'GLfloat', possible loss of data
C:\Users\Asus\Desktop\lesson8\Programming\TrainingFramework\src\GameStates\GSPlay.cpp(92,49): warning C4244:  'argument': conversion from 'int' to 'GLfloat', possible loss of data
C:\Users\Asus\Desktop\lesson8\Programming\TrainingFramework\src\GameStates\GSPlay.cpp(104,90): warning C4244:  'argument': conversion from 'int' to 'GLfloat', possible loss of data
C:\Users\Asus\Desktop\lesson8\Programming\TrainingFramework\src\GameStates\GSPlay.cpp(104,53): warning C4244:  'argument': conversion from 'int' to 'GLfloat', possible loss of data
C:\Users\Asus\Desktop\lesson8\Programming\TrainingFramework\src\GameStates\GSPlay.cpp(116,90): warning C4244:  'argument': conversion from 'int' to 'GLfloat', possible loss of data
C:\Users\Asus\Desktop\lesson8\Programming\TrainingFramework\src\GameStates\GSPlay.cpp(116,53): warning C4244:  'argument': conversion from 'int' to 'GLfloat', possible loss of data
C:\Users\Asus\Desktop\lesson8\Programming\TrainingFramework\src\GameStates\GSPlay.cpp(156,39): warning C4244:  'argument': conversion from 'int' to 'GLfloat', possible loss of data
C:\Users\Asus\Desktop\lesson8\Programming\TrainingFramework\src\GameStates\GSPlay.cpp(156,36): warning C4244:  'argument': conversion from 'int' to 'GLfloat', possible loss of data
C:\Users\Asus\Desktop\lesson8\Programming\TrainingFramework\src\GameStates\GSPlay.cpp(187,21): warning C4244:  '=': conversion from 'int' to 'float', possible loss of data
C:\Users\Asus\Desktop\lesson8\Programming\TrainingFramework\src\GameStates\GSPlay.cpp(199,26): warning C4244:  '=': conversion from 'int' to 'float', possible loss of data
C:\Users\Asus\Desktop\lesson8\Programming\TrainingFramework\src\GameStates\GSPlay.cpp(301,35): warning C4244:  '=': conversion from 'int' to 'GLfloat', possible loss of data
C:\Users\Asus\Desktop\lesson8\Programming\TrainingFramework\src\GameStates\GSPlay.cpp(327,35): warning C4244:  '=': conversion from 'int' to 'GLfloat', possible loss of data
C:\Program Files (x86)\Microsoft Visual Studio\2019\Community\VC\Tools\MSVC\14.21.27702\include\memory(1527,71): warning C4244:  'argument': conversion from '_Ty' to 'float', possible loss of data
C:\Program Files (x86)\Microsoft Visual Studio\2019\Community\VC\Tools\MSVC\14.21.27702\include\memory(1527,71): warning C4244:         with
C:\Program Files (x86)\Microsoft Visual Studio\2019\Community\VC\Tools\MSVC\14.21.27702\include\memory(1527,71): warning C4244:         [
C:\Program Files (x86)\Microsoft Visual Studio\2019\Community\VC\Tools\MSVC\14.21.27702\include\memory(1527,71): warning C4244:             _Ty=double
C:\Program Files (x86)\Microsoft Visual Studio\2019\Community\VC\Tools\MSVC\14.21.27702\include\memory(1527,71): warning C4244:         ]
C:\Program Files (x86)\Microsoft Visual Studio\2019\Community\VC\Tools\MSVC\14.21.27702\include\memory(1582): message :  see reference to function template instantiation 'std::_Ref_count_obj<_Ty>::_Ref_count_obj<std::shared_ptr<Shaders>&,std::shared_ptr<Font>&,const char(&)[8],TEXT_COLOR,double>(std::shared_ptr<Shaders> &,std::shared_ptr<Font> &,const char (&)[8],TEXT_COLOR &&,double &&)' being compiled
C:\Program Files (x86)\Microsoft Visual Studio\2019\Community\VC\Tools\MSVC\14.21.27702\include\memory(1582): message :         with
C:\Program Files (x86)\Microsoft Visual Studio\2019\Community\VC\Tools\MSVC\14.21.27702\include\memory(1582): message :         [
C:\Program Files (x86)\Microsoft Visual Studio\2019\Community\VC\Tools\MSVC\14.21.27702\include\memory(1582): message :             _Ty=Text
C:\Program Files (x86)\Microsoft Visual Studio\2019\Community\VC\Tools\MSVC\14.21.27702\include\memory(1582): message :         ]
C:\Program Files (x86)\Microsoft Visual Studio\2019\Community\VC\Tools\MSVC\14.21.27702\include\memory(1582): message :  see reference to function template instantiation 'std::_Ref_count_obj<_Ty>::_Ref_count_obj<std::shared_ptr<Shaders>&,std::shared_ptr<Font>&,const char(&)[8],TEXT_COLOR,double>(std::shared_ptr<Shaders> &,std::shared_ptr<Font> &,const char (&)[8],TEXT_COLOR &&,double &&)' being compiled
C:\Program Files (x86)\Microsoft Visual Studio\2019\Community\VC\Tools\MSVC\14.21.27702\include\memory(1582): message :         with
C:\Program Files (x86)\Microsoft Visual Studio\2019\Community\VC\Tools\MSVC\14.21.27702\include\memory(1582): message :         [
C:\Program Files (x86)\Microsoft Visual Studio\2019\Community\VC\Tools\MSVC\14.21.27702\include\memory(1582): message :             _Ty=Text
C:\Program Files (x86)\Microsoft Visual Studio\2019\Community\VC\Tools\MSVC\14.21.27702\include\memory(1582): message :         ]
  Generating Code...
  Compiling...
  GameStatebase.cpp
C:\Users\Asus\Desktop\lesson8\Programming\TrainingFramework\src\GameStates\GSPlay.cpp(53): message :  see reference to function template instantiation 'std::shared_ptr<Text> std::make_shared<Text,std::shared_ptr<Shaders>&,std::shared_ptr<Font>&,const char(&)[8],TEXT_COLOR,double>(std::shared_ptr<Shaders> &,std::shared_ptr<Font> &,const char (&)[8],TEXT_COLOR &&,double &&)' being compiled
C:\Users\Asus\Desktop\lesson8\Programming\TrainingFramework\src\Helper\ThreadPool.h(37,13): warning C4477:  'printf' : format string '%d' requires an argument of type 'int', but variadic argument 1 has type 'std::thread::id'
C:\Users\Asus\Desktop\lesson8\Programming\Soloud\include\soloud.h(37,1): warning C4005:  'WIN32_LEAN_AND_MEAN': macro redefinition
  Generating Code...
  Player.cpp
  Heart.cpp
  Enermy.cpp
C:\Users\Asus\Desktop\lesson8\Programming\Include\AMD\EGL\eglplatform.h(67): message :  see previous definition of 'WIN32_LEAN_AND_MEAN'
C:\Users\Asus\Desktop\lesson8\Programming\Include\AMD\EGL\eglplatform.h(67): message : Skipping... (no relevant changes detected)
  TrainingFramework.vcxproj -> C:\Users\Asus\Desktop\lesson8\Programming\\BIN-Angle\TrainingFramework.exe
